[0;32m🚀 Начинаем деплой на 185.93.108.162[0m

[1;33m📦 Шаг 1: Базовая настройка сервера[0m
Pseudo-terminal will not be allocated because stdin is not a terminal.
Welcome to Ubuntu 24.04.3 LTS (GNU/Linux 6.8.0-90-generic x86_64)

 * Documentation:  https://help.ubuntu.com
 * Management:     https://landscape.canonical.com
 * Support:        https://ubuntu.com/pro

WARNING: apt does not have a stable CLI interface. Use with caution in scripts.

Hit:1 http://security.ubuntu.com/ubuntu noble-security InRelease
Hit:2 http://archive.ubuntu.com/ubuntu noble InRelease
Hit:3 http://archive.ubuntu.com/ubuntu noble-updates InRelease
Hit:4 http://archive.ubuntu.com/ubuntu noble-backports InRelease
Reading package lists...
Building dependency tree...
Reading state information...
All packages are up to date.

WARNING: apt does not have a stable CLI interface. Use with caution in scripts.Reading package lists...
Building dependency tree...


Reading state information...
Calculating upgrade...
0 upgraded, 0 newly installed, 0 to remove and 0 not upgraded.

WARNING: apt does not have a stable CLI interface. Use with caution in scripts.

Reading package lists...
Building dependency tree...
Reading state information...
python3 is already the newest version (3.12.3-0ubuntu2.1).
python3-venv is already the newest version (3.12.3-0ubuntu2.1).
python3-pip is already the newest version (24.0+dfsg-1ubuntu1.3).
git is already the newest version (1:2.43.0-1ubuntu7.3).
postgresql is already the newest version (16+257build1.1).
postgresql-contrib is already the newest version (16+257build1.1).
nginx is already the newest version (1.24.0-2ubuntu7.5).
ufw is already the newest version (0.36.2-6).
0 upgraded, 0 newly installed, 0 to remove and 0 not upgraded.
Firewall is active and enabled on system startup
Skipping adding existing rule
Skipping adding existing rule (v6)
Skipping adding existing rule
Skipping adding existing rule (v6)
Skipping adding existing rule
Skipping adding existing rule (v6)
Skipping adding existing rule
Skipping adding existing rule (v6)
✅ Базовая настройка завершена

[1;33m💾 Шаг 2: Настройка PostgreSQL[0m
Pseudo-terminal will not be allocated because stdin is not a terminal.
Permission denied, please try again.
Welcome to Ubuntu 24.04.3 LTS (GNU/Linux 6.8.0-90-generic x86_64)

 * Documentation:  https://help.ubuntu.com
 * Management:     https://landscape.canonical.com
 * Support:        https://ubuntu.com/pro
CREATE DATABASE
DO
GRANT
You are now connected to database "neurocards" as user "postgres".
GRANT
GRANT
GRANT
ALTER DEFAULT PRIVILEGES
ALTER DEFAULT PRIVILEGES
✅ PostgreSQL настроен
Connection closed by 185.93.108.162 port 22
